#
# There is insufficient memory for the Java Runtime Environment to continue.
# Native memory allocation (malloc) failed to allocate 455072 bytes for Chunk::new
# Possible reasons:
#   The system is out of physical RAM or swap space
#   In 32 bit mode, the process size limit was hit
# Possible solutions:
#   Reduce memory load on the system
#   Increase physical memory or swap space
#   Check if swap backing store is full
#   Use 64 bit Java on a 64 bit OS
#   Decrease Java heap size (-Xmx/-Xms)
#   Decrease number of Java threads
#   Decrease Java thread stack sizes (-Xss)
#   Set larger code cache with -XX:ReservedCodeCacheSize=
# This output file may be truncated or incomplete.
#
#  Out of Memory Error (allocation.cpp:390), pid=10780, tid=0x00000000000024e0
#
# JRE version: OpenJDK Runtime Environment (8.0_152-b06) (build 1.8.0_152-release-1136-b06)
# Java VM: OpenJDK 64-Bit Server VM (25.152-b06 mixed mode windows-amd64 compressed oops)
# Failed to write core dump. Minidumps are not enabled by default on client versions of Windows
#

---------------  T H R E A D  ---------------

Current thread (0x00000000169c7000):  JavaThread "C2 CompilerThread1" daemon [_thread_in_native, id=9440, stack(0x0000000018110000,0x0000000018210000)]

Stack: [0x0000000018110000,0x0000000018210000]
[error occurred during error reporting (printing stack bounds), id 0xc0000005]

Native frames: (J=compiled Java code, j=interpreted, Vv=VM code, C=native code)


Current CompileTask:
C2: 314843 15759       4       com.android.tools.r8.code.BaseInstructionFactory::create (3362 bytes)


---------------  P R O C E S S  ---------------

Java Threads: ( => current thread )
  0x000000001b67b800 JavaThread "ForkJoinPool-2-worker-0" daemon [_thread_blocked, id=7596, stack(0x0000000027f10000,0x0000000028010000)]
  0x000000001b674000 JavaThread "ForkJoinPool-2-worker-3" daemon [_thread_blocked, id=11584, stack(0x0000000027e10000,0x0000000027f10000)]
  0x000000001b671000 JavaThread "ForkJoinPool-2-worker-2" daemon [_thread_blocked, id=10232, stack(0x0000000027890000,0x0000000027990000)]
  0x000000001b676800 JavaThread "ForkJoinPool-2-worker-1" daemon [_thread_in_Java, id=15864, stack(0x0000000023590000,0x0000000023690000)]
  0x000000001b673800 JavaThread "ForkJoinPool-1-worker-0" daemon [_thread_blocked, id=16920, stack(0x0000000027320000,0x0000000027420000)]
  0x000000001b675800 JavaThread "ForkJoinPool-1-worker-3" daemon [_thread_blocked, id=12336, stack(0x0000000027220000,0x0000000027320000)]
  0x000000001b678000 JavaThread "ForkJoinPool-1-worker-2" daemon [_thread_blocked, id=16452, stack(0x0000000025160000,0x0000000025260000)]
  0x000000001b679800 JavaThread "ForkJoinPool-1-worker-1" daemon [_thread_blocked, id=16872, stack(0x0000000023490000,0x0000000023590000)]
  0x000000001b678800 JavaThread "ForkJoinPool.commonPool-worker-2" daemon [_thread_blocked, id=6084, stack(0x0000000023890000,0x0000000023990000)]
  0x000000001b672800 JavaThread "Cache worker for Java compile cache (C:\Users\Lenovo\Documents\AndroidStudioProjects\Travelmantics\.gradle\4.6\javaCompile)" [_thread_blocked, id=10752, stack(0x0000000022790000,0x0000000022890000)]
  0x000000001b677000 JavaThread "stdout" daemon [_thread_in_native, id=16984, stack(0x0000000022e90000,0x0000000022f90000)]
  0x000000001b672000 JavaThread "stderr" daemon [_thread_in_native, id=17152, stack(0x0000000022d90000,0x0000000022e90000)]
  0x000000001b670800 JavaThread "stdout" daemon [_thread_in_native, id=17208, stack(0x0000000022c90000,0x0000000022d90000)]
  0x000000001c0ba000 JavaThread "stderr" daemon [_thread_in_native, id=17096, stack(0x0000000022b90000,0x0000000022c90000)]
  0x000000001c0b8800 JavaThread "pool-3-thread-1" [_thread_blocked, id=9428, stack(0x0000000022a90000,0x0000000022b90000)]
  0x000000001c0af800 JavaThread "Task worker for ':' Thread 3" [_thread_blocked, id=8672, stack(0x0000000022290000,0x0000000022390000)]
  0x000000001c0b5800 JavaThread "Task worker for ':' Thread 2" [_thread_blocked, id=17032, stack(0x0000000022190000,0x0000000022290000)]
  0x000000001c0ae000 JavaThread "Task worker for ':'" [_thread_blocked, id=17056, stack(0x0000000022090000,0x0000000022190000)]
  0x000000001c0b1800 JavaThread "Cache worker for Build Output Cleanup Cache (C:\Users\Lenovo\Documents\AndroidStudioProjects\Travelmantics\.gradle\buildOutputCleanup)" [_thread_blocked, id=16776, stack(0x0000000021f90000,0x0000000022090000)]
  0x000000001c0b4800 JavaThread "Cache worker for task history cache (C:\Users\Lenovo\Documents\AndroidStudioProjects\Travelmantics\.gradle\4.6\taskHistory)" [_thread_blocked, id=7604, stack(0x0000000021e90000,0x0000000021f90000)]
  0x000000001c0b1000 JavaThread "Cache worker for file content cache (C:\Users\Lenovo\Documents\AndroidStudioProjects\Travelmantics\.gradle\4.6\fileContent)" [_thread_blocked, id=16152, stack(0x0000000021950000,0x0000000021a50000)]
  0x000000001c0b3000 JavaThread "Memory manager" [_thread_blocked, id=17212, stack(0x000000001af60000,0x000000001b060000)]
  0x00000000169c5800 JavaThread "Build operations Thread 4" [_thread_blocked, id=16932, stack(0x0000000020650000,0x0000000020750000)]
  0x00000000169c9000 JavaThread "Build operations Thread 3" [_thread_blocked, id=9352, stack(0x0000000020550000,0x0000000020650000)]
  0x00000000169ca800 JavaThread "Build operations Thread 2" [_thread_blocked, id=17116, stack(0x0000000020450000,0x0000000020550000)]
  0x00000000169c8800 JavaThread "Build operations" [_thread_blocked, id=17120, stack(0x0000000020350000,0x0000000020450000)]
  0x00000000169c7800 JavaThread "Cache worker for Artifact transforms cache (C:\Users\Lenovo\.gradle\caches\transforms-1)" [_thread_blocked, id=16812, stack(0x000000001edd0000,0x000000001eed0000)]
  0x000000001962f000 JavaThread "Cache worker for file hash cache (C:\Users\Lenovo\Documents\AndroidStudioProjects\Travelmantics\.gradle\4.6\fileHashes)" [_thread_blocked, id=17320, stack(0x000000001b460000,0x000000001b560000)]
  0x0000000019770000 JavaThread "File lock request listener" [_thread_in_native, id=17272, stack(0x000000001b360000,0x000000001b460000)]
  0x0000000018ccd800 JavaThread "Cache worker for file hash cache (C:\Users\Lenovo\.gradle\caches\4.6\fileHashes)" [_thread_blocked, id=17268, stack(0x000000001b260000,0x000000001b360000)]
  0x0000000018b3c800 JavaThread "Asynchronous log dispatcher for DefaultDaemonConnection: socket connection from /127.0.0.1:27448 to /127.0.0.1:27451" [_thread_blocked, id=16504, stack(0x00000000014c0000,0x00000000015c0000)]
  0x0000000018f10000 JavaThread "Daemon worker" [_thread_blocked, id=16444, stack(0x00000000013c0000,0x00000000014c0000)]
  0x0000000019773800 JavaThread "Cancel handler" [_thread_blocked, id=16396, stack(0x00000000012c0000,0x00000000013c0000)]
  0x0000000018402000 JavaThread "Handler for socket connection from /127.0.0.1:27448 to /127.0.0.1:27451" [_thread_in_native, id=11332, stack(0x000000001ac60000,0x000000001ad60000)]
  0x0000000018431000 JavaThread "Daemon" [_thread_blocked, id=12028, stack(0x000000001ab60000,0x000000001ac60000)]
  0x0000000019779800 JavaThread "Daemon periodic checks" [_thread_blocked, id=8604, stack(0x000000001a860000,0x000000001a960000)]
  0x000000001986a000 JavaThread "Incoming local TCP Connector on port 27448" [_thread_in_native, id=13240, stack(0x000000001a620000,0x000000001a720000)]
  0x0000000018330800 JavaThread "Service Thread" daemon [_thread_blocked, id=15372, stack(0x0000000018710000,0x0000000018810000)]
  0x00000000169c4000 JavaThread "C1 CompilerThread2" daemon [_thread_blocked, id=7744, stack(0x0000000018210000,0x0000000018310000)]
=>0x00000000169c7000 JavaThread "C2 CompilerThread1" daemon [_thread_in_native, id=9440, stack(0x0000000018110000,0x0000000018210000)]
  0x00000000169bf000 JavaThread "C2 CompilerThread0" daemon [_thread_in_native, id=4720, stack(0x0000000018010000,0x0000000018110000)]
  0x00000000169bc800 JavaThread "Attach Listener" daemon [_thread_blocked, id=10164, stack(0x0000000017f10000,0x0000000018010000)]
  0x00000000169b9800 JavaThread "Signal Dispatcher" daemon [_thread_blocked, id=9800, stack(0x0000000017e10000,0x0000000017f10000)]
  0x0000000002fec000 JavaThread "Finalizer" daemon [_thread_blocked, id=11092, stack(0x0000000017c10000,0x0000000017d10000)]
  0x0000000002fe1000 JavaThread "Reference Handler" daemon [_thread_blocked, id=15840, stack(0x0000000017b10000,0x0000000017c10000)]
  0x000000000304e800 JavaThread "main" [_thread_blocked, id=12228, stack(0x0000000002da0000,0x0000000002ea0000)]

Other Threads:
  0x0000000016985800 VMThread [stack: 0x0000000017a10000,0x0000000017b10000] [id=15080]
  0x0000000016a1e000 WatcherThread [stack: 0x0000000018810000,0x0000000018910000] [id=9448]

VM state:not at safepoint (normal execution)

VM Mutex/Monitor currently owned by a thread: None

Heap:
 PSYoungGen      total 151552K, used 88887K [0x00000000e0000000, 0x00000000ec680000, 0x0000000100000000)
  eden space 116736K, 46% used [0x00000000e0000000,0x00000000e34d5c60,0x00000000e7200000)
  from space 34816K, 99% used [0x00000000e7200000,0x00000000e93f8330,0x00000000e9400000)
  to   space 20992K, 0% used [0x00000000e9400000,0x00000000e9400000,0x00000000ea880000)
 ParOldGen       total 156160K, used 102497K [0x00000000a0000000, 0x00000000a9880000, 0x00000000e0000000)
  object space 156160K, 65% used [0x00000000a0000000,0x00000000a6418670,0x00000000a9880000)
 Metaspace       used 76699K, capacity 79340K, committed 79744K, reserved 1118208K
  class space    used 9926K, capacity 10504K, committed 10624K, reserved 1048576K

Card table byte_map: [0x0000000012410000,0x0000000012720000] byte_map_base: 0x0000000011f10000

Marking Bits: (ParMarkBitMap*) 0x0000000075e85aa0
 Begin Bits: [0x0000000012d20000, 0x0000000014520000)
 End Bits:   [0x0000000014520000, 0x0000000015d20000)

Polling page: 0x00000000010f0000

CodeCache: size=245760Kb used=42009Kb max_used=42109Kb free=203750Kb
 bounds [0x0000000003050000, 0x00000000059f0000, 0x0000000012050000]
 total_blobs=13905 nmethods=13072 adapters=743
 compilation: enabled

Compilation events (10 events):
Event: 314.626 Thread 0x00000000169c4000 15853       2       com.android.tools.r8.code.MoveWide::collectIndexedItems (8 bytes)
Event: 314.626 Thread 0x00000000169c4000 nmethod 15853 0x00000000056e9150 code [0x00000000056e92a0, 0x00000000056e93f0]
Event: 314.647 Thread 0x00000000169c4000 15854       2       com.android.tools.r8.code.SubFloat2Addr::collectIndexedItems (8 bytes)
Event: 314.648 Thread 0x00000000169c4000 nmethod 15854 0x00000000037d7c10 code [0x00000000037d7d60, 0x00000000037d7eb0]
Event: 314.650 Thread 0x00000000169c4000 15855       2       com.android.tools.r8.code.CmpgFloat::collectIndexedItems (8 bytes)
Event: 314.650 Thread 0x00000000169c4000 nmethod 15855 0x0000000004cea890 code [0x0000000004cea9e0, 0x0000000004ceab30]
Event: 314.653 Thread 0x00000000169c4000 15856       2       com.android.tools.r8.code.DivFloat::collectIndexedItems (8 bytes)
Event: 314.653 Thread 0x00000000169c4000 nmethod 15856 0x000000000510c610 code [0x000000000510c760, 0x000000000510c8b0]
Event: 314.664 Thread 0x00000000169c4000 15857       2       com.android.tools.r8.code.SgetBoolean::collectIndexedItems (8 bytes)
Event: 314.664 Thread 0x00000000169c4000 nmethod 15857 0x000000000510c250 code [0x000000000510c3c0, 0x000000000510c548]

GC Heap History (10 events):
Event: 304.047 GC heap before
{Heap before GC invocations=61 (full 5):
 PSYoungGen      total 115712K, used 101228K [0x00000000e0000000, 0x00000000e8e00000, 0x0000000100000000)
  eden space 101376K, 99% used [0x00000000e0000000,0x00000000e62db0c8,0x00000000e6300000)
  from space 14336K, 0% used [0x00000000e6300000,0x00000000e6300000,0x00000000e7100000)
  to   space 13824K, 0% used [0x00000000e8080000,0x00000000e8080000,0x00000000e8e00000)
 ParOldGen       total 99328K, used 59451K [0x00000000a0000000, 0x00000000a6100000, 0x00000000e0000000)
  object space 99328K, 59% used [0x00000000a0000000,0x00000000a3a0ee08,0x00000000a6100000)
 Metaspace       used 75966K, capacity 78488K, committed 78976K, reserved 1118208K
  class space    used 9869K, capacity 10410K, committed 10624K, reserved 1048576K
Event: 304.055 GC heap after
Heap after GC invocations=61 (full 5):
 PSYoungGen      total 126464K, used 1696K [0x00000000e0000000, 0x00000000e8b00000, 0x0000000100000000)
  eden space 115712K, 0% used [0x00000000e0000000,0x00000000e0000000,0x00000000e7100000)
  from space 10752K, 15% used [0x00000000e8080000,0x00000000e8228010,0x00000000e8b00000)
  to   space 13312K, 0% used [0x00000000e7100000,0x00000000e7100000,0x00000000e7e00000)
 ParOldGen       total 99328K, used 59459K [0x00000000a0000000, 0x00000000a6100000, 0x00000000e0000000)
  object space 99328K, 59% used [0x00000000a0000000,0x00000000a3a10e08,0x00000000a6100000)
 Metaspace       used 75966K, capacity 78488K, committed 78976K, reserved 1118208K
  class space    used 9869K, capacity 10410K, committed 10624K, reserved 1048576K
}
Event: 309.177 GC heap before
{Heap before GC invocations=62 (full 5):
 PSYoungGen      total 126464K, used 117408K [0x00000000e0000000, 0x00000000e8b00000, 0x0000000100000000)
  eden space 115712K, 100% used [0x00000000e0000000,0x00000000e7100000,0x00000000e7100000)
  from space 10752K, 15% used [0x00000000e8080000,0x00000000e8228010,0x00000000e8b00000)
  to   space 13312K, 0% used [0x00000000e7100000,0x00000000e7100000,0x00000000e7e00000)
 ParOldGen       total 99328K, used 59459K [0x00000000a0000000, 0x00000000a6100000, 0x00000000e0000000)
  object space 99328K, 59% used [0x00000000a0000000,0x00000000a3a10e08,0x00000000a6100000)
 Metaspace       used 76242K, capacity 78832K, committed 79232K, reserved 1118208K
  class space    used 9898K, capacity 10454K, committed 10624K, reserved 1048576K
Event: 309.214 GC heap after
Heap after GC invocations=62 (full 5):
 PSYoungGen      total 129024K, used 13301K [0x00000000e0000000, 0x00000000ea880000, 0x0000000100000000)
  eden space 115712K, 0% used [0x00000000e0000000,0x00000000e0000000,0x00000000e7100000)
  from space 13312K, 99% used [0x00000000e7100000,0x00000000e7dfd4c0,0x00000000e7e00000)
  to   space 20992K, 0% used [0x00000000e9400000,0x00000000e9400000,0x00000000ea880000)
 ParOldGen       total 99328K, used 73447K [0x00000000a0000000, 0x00000000a6100000, 0x00000000e0000000)
  object space 99328K, 73% used [0x00000000a0000000,0x00000000a47b9c38,0x00000000a6100000)
 Metaspace       used 76242K, capacity 78832K, committed 79232K, reserved 1118208K
  class space    used 9898K, capacity 10454K, committed 10624K, reserved 1048576K
}
Event: 311.373 GC heap before
{Heap before GC invocations=63 (full 5):
 PSYoungGen      total 129024K, used 129013K [0x00000000e0000000, 0x00000000ea880000, 0x0000000100000000)
  eden space 115712K, 100% used [0x00000000e0000000,0x00000000e7100000,0x00000000e7100000)
  from space 13312K, 99% used [0x00000000e7100000,0x00000000e7dfd4c0,0x00000000e7e00000)
  to   space 20992K, 0% used [0x00000000e9400000,0x00000000e9400000,0x00000000ea880000)
 ParOldGen       total 99328K, used 73447K [0x00000000a0000000, 0x00000000a6100000, 0x00000000e0000000)
  object space 99328K, 73% used [0x00000000a0000000,0x00000000a47b9c38,0x00000000a6100000)
 Metaspace       used 76617K, capacity 79216K, committed 79488K, reserved 1118208K
  class space    used 9925K, capacity 10504K, committed 10624K, reserved 1048576K
Event: 311.528 GC heap after
Heap after GC invocations=63 (full 5):
 PSYoungGen      total 137728K, used 20960K [0x00000000e0000000, 0x00000000ec680000, 0x0000000100000000)
  eden space 116736K, 0% used [0x00000000e0000000,0x00000000e0000000,0x00000000e7200000)
  from space 20992K, 99% used [0x00000000e9400000,0x00000000ea878110,0x00000000ea880000)
  to   space 34816K, 0% used [0x00000000e7200000,0x00000000e7200000,0x00000000e9400000)
 ParOldGen       total 100864K, used 100608K [0x00000000a0000000, 0x00000000a6280000, 0x00000000e0000000)
  object space 100864K, 99% used [0x00000000a0000000,0x00000000a62402e0,0x00000000a6280000)
 Metaspace       used 76617K, capacity 79216K, committed 79488K, reserved 1118208K
  class space    used 9925K, capacity 10504K, committed 10624K, reserved 1048576K
}
Event: 311.528 GC heap before
{Heap before GC invocations=64 (full 6):
 PSYoungGen      total 137728K, used 20960K [0x00000000e0000000, 0x00000000ec680000, 0x0000000100000000)
  eden space 116736K, 0% used [0x00000000e0000000,0x00000000e0000000,0x00000000e7200000)
  from space 20992K, 99% used [0x00000000e9400000,0x00000000ea878110,0x00000000ea880000)
  to   space 34816K, 0% used [0x00000000e7200000,0x00000000e7200000,0x00000000e9400000)
 ParOldGen       total 100864K, used 100608K [0x00000000a0000000, 0x00000000a6280000, 0x00000000e0000000)
  object space 100864K, 99% used [0x00000000a0000000,0x00000000a62402e0,0x00000000a6280000)
 Metaspace       used 76617K, capacity 79216K, committed 79488K, reserved 1118208K
  class space    used 9925K, capacity 10504K, committed 10624K, reserved 1048576K
Event: 312.327 GC heap after
Heap after GC invocations=64 (full 6):
 PSYoungGen      total 137728K, used 0K [0x00000000e0000000, 0x00000000ec680000, 0x0000000100000000)
  eden space 116736K, 0% used [0x00000000e0000000,0x00000000e0000000,0x00000000e7200000)
  from space 20992K, 0% used [0x00000000e9400000,0x00000000e9400000,0x00000000ea880000)
  to   space 34816K, 0% used [0x00000000e7200000,0x00000000e7200000,0x00000000e9400000)
 ParOldGen       total 156160K, used 97353K [0x00000000a0000000, 0x00000000a9880000, 0x00000000e0000000)
  object space 156160K, 62% used [0x00000000a0000000,0x00000000a5f12650,0x00000000a9880000)
 Metaspace       used 76610K, capacity 79198K, committed 79488K, reserved 1118208K
  class space    used 9922K, capacity 10499K, committed 10624K, reserved 1048576K
}
Event: 313.786 GC heap before
{Heap before GC invocations=65 (full 6):
 PSYoungGen      total 137728K, used 116736K [0x00000000e0000000, 0x00000000ec680000, 0x0000000100000000)
  eden space 116736K, 100% used [0x00000000e0000000,0x00000000e7200000,0x00000000e7200000)
  from space 20992K, 0% used [0x00000000e9400000,0x00000000e9400000,0x00000000ea880000)
  to   space 34816K, 0% used [0x00000000e7200000,0x00000000e7200000,0x00000000e9400000)
 ParOldGen       total 156160K, used 97353K [0x00000000a0000000, 0x00000000a9880000, 0x00000000e0000000)
  object space 156160K, 62% used [0x00000000a0000000,0x00000000a5f12650,0x00000000a9880000)
 Metaspace       used 76691K, capacity 79340K, committed 79744K, reserved 1118208K
  class space    used 9926K, capacity 10504K, committed 10624K, reserved 1048576K
Event: 313.865 GC heap after
Heap after GC invocations=65 (full 6):
 PSYoungGen      total 151552K, used 34784K [0x00000000e0000000, 0x00000000ec680000, 0x0000000100000000)
  eden space 116736K, 0% used [0x00000000e0000000,0x00000000e0000000,0x00000000e7200000)
  from space 34816K, 99% used [0x00000000e7200000,0x00000000e93f8330,0x00000000e9400000)
  to   space 20992K, 0% used [0x00000000e9400000,0x00000000e9400000,0x00000000ea880000)
 ParOldGen       total 156160K, used 102497K [0x00000000a0000000, 0x00000000a9880000, 0x00000000e0000000)
  object space 156160K, 65% used [0x00000000a0000000,0x00000000a6418670,0x00000000a9880000)
 Metaspace       used 76691K, capacity 79340K, committed 79744K, reserved 1118208K
  class space    used 9926K, capacity 10504K, committed 10624K, reserved 1048576K
}

Deoptimization events (10 events):
Event: 313.388 Thread 0x0000000018f10000 Uncommon trap: reason=bimorphic action=maybe_recompile pc=0x0000000003b9bad0 method=java.util.stream.Sink$ChainedReference.cancellationRequested()Z @ 4
Event: 313.388 Thread 0x0000000018f10000 Uncommon trap: reason=bimorphic action=maybe_recompile pc=0x0000000003b9bad0 method=java.util.stream.Sink$ChainedReference.cancellationRequested()Z @ 4
Event: 313.406 Thread 0x0000000018f10000 Uncommon trap: reason=unstable_if action=reinterpret pc=0x00000000032da3f0 method=java.io.WinNTFileSystem.resolve(Ljava/lang/String;Ljava/lang/String;)Ljava/lang/String; @ 36
Event: 313.475 Thread 0x000000001b676800 Uncommon trap: reason=class_check action=maybe_recompile pc=0x00000000048a7414 method=java.util.Spliterators$1Adapter.hasNext()Z @ 12
Event: 313.475 Thread 0x000000001b671000 Uncommon trap: reason=class_check action=maybe_recompile pc=0x00000000048a7414 method=java.util.Spliterators$1Adapter.hasNext()Z @ 12
Event: 313.623 Thread 0x000000001b674000 Uncommon trap: reason=unloaded action=reinterpret pc=0x0000000005842438 method=com.android.tools.r8.code.BaseInstructionFactory.create(IILcom/android/tools/r8/code/BytecodeStream;Lcom/android/tools/r8/graph/OffsetToObjectMapping;)Lcom/android/tools/r8/cod
Event: 313.893 Thread 0x000000001b674000 Uncommon trap: reason=null_check action=make_not_entrant pc=0x000000000586b654 method=com.android.tools.r8.dex.DexParser.debugInfoAt(I)Lcom/android/tools/r8/graph/DexDebugInfo; @ 11
Event: 313.962 Thread 0x000000001b67b800 Uncommon trap: reason=array_check action=maybe_recompile pc=0x00000000058eb2f4 method=java.util.TimSort.mergeLo(IIII)V @ 133
Event: 313.962 Thread 0x000000001b67b800 Uncommon trap: reason=predicate action=maybe_recompile pc=0x00000000059168b4 method=java.util.TimSort.mergeHi(IIII)V @ 191
Event: 314.021 Thread 0x000000001b67b800 Uncommon trap: reason=unstable_if action=reinterpret pc=0x00000000049a07b8 method=com.android.tools.r8.dex.DexOutputBuffer.ensureSpaceFor(I)V @ 8

Classes redefined (0 events):
No events

Internal exceptions (10 events):
Event: 306.627 Thread 0x0000000018f10000 Exception <a 'sun/nio/fs/WindowsException'> (0x00000000e2b5e678) thrown at [D:\src\AOSP-openjdk-cygwin\jdk8u\hotspot\src\share\vm\prims\jni.cpp, line 709]
Event: 306.692 Thread 0x0000000018f10000 Exception <a 'sun/nio/fs/WindowsException'> (0x00000000e2be4a00) thrown at [D:\src\AOSP-openjdk-cygwin\jdk8u\hotspot\src\share\vm\prims\jni.cpp, line 709]
Event: 308.883 Thread 0x0000000018f10000 Exception <a 'sun/nio/fs/WindowsException'> (0x00000000e4d45e98) thrown at [D:\src\AOSP-openjdk-cygwin\jdk8u\hotspot\src\share\vm\prims\jni.cpp, line 709]
Event: 309.536 Thread 0x000000001b675800 Implicit null exception at 0x0000000003b9b6ef to 0x0000000003b9b7dd
Event: 310.566 Thread 0x0000000018f10000 Implicit null exception at 0x00000000058805ad to 0x0000000005880939
Event: 311.097 Thread 0x000000001b678000 Implicit null exception at 0x000000000498dccf to 0x000000000498de31
Event: 312.946 Thread 0x000000001b678000 Exception <a 'sun/nio/fs/WindowsException'> (0x00000000e32d53a8) thrown at [D:\src\AOSP-openjdk-cygwin\jdk8u\hotspot\src\share\vm\prims\jni.cpp, line 709]
Event: 313.490 Thread 0x000000001b671000 Exception <a 'sun/nio/fs/WindowsException'> (0x00000000e37aa790) thrown at [D:\src\AOSP-openjdk-cygwin\jdk8u\hotspot\src\share\vm\prims\jni.cpp, line 709]
Event: 313.665 Thread 0x000000001b676800 Exception <a 'sun/nio/fs/WindowsException'> (0x00000000e59338a0) thrown at [D:\src\AOSP-openjdk-cygwin\jdk8u\hotspot\src\share\vm\prims\jni.cpp, line 709]
Event: 314.032 Thread 0x000000001b67b800 Exception <a 'sun/nio/fs/WindowsException'> (0x00000000e0b44fb0) thrown at [D:\src\AOSP-openjdk-cygwin\jdk8u\hotspot\src\share\vm\prims\jni.cpp, line 709]

Events (10 events):
Event: 313.962 Thread 0x000000001b67b800 DEOPT UNPACKING pc=0x000000000309557b sp=0x000000002800e8a8 mode 2
Event: 314.019 Thread 0x000000001b67b800 DEOPT PACKING pc=0x000000000315da14 sp=0x000000002800e9f0
Event: 314.019 Thread 0x000000001b67b800 DEOPT UNPACKING pc=0x00000000030975d0 sp=0x000000002800e750 mode 0
Event: 314.021 Thread 0x000000001b67b800 Uncommon trap: trap_request=0xffffff65 fr.pc=0x00000000049a07b8
Event: 314.021 Thread 0x000000001b67b800 DEOPT PACKING pc=0x00000000049a07b8 sp=0x000000002800e930
Event: 314.021 Thread 0x000000001b67b800 DEOPT UNPACKING pc=0x000000000309557b sp=0x000000002800e810 mode 2
Event: 314.226 Executing VM operation: RevokeBias
Event: 314.227 Executing VM operation: RevokeBias done
Event: 314.557 Thread 0x000000001b671000 DEOPT PACKING pc=0x0000000005657c13 sp=0x000000002798ec00
Event: 314.557 Thread 0x000000001b671000 DEOPT UNPACKING pc=0x00000000030975d0 sp=0x000000002798e918 mode 0


Dynamic libraries:
0x00007ff731470000 - 0x00007ff7314a1000 	C:\Program Files\Android\Android Studio\jre\bin\java.exe
0x00007ffd285a0000 - 0x00007ffd28790000 	C:\WINDOWS\SYSTEM32\ntdll.dll
0x00007ffd27fd0000 - 0x00007ffd28082000 	C:\WINDOWS\System32\KERNEL32.DLL
0x00007ffd261d0000 - 0x00007ffd26473000 	C:\WINDOWS\System32\KERNELBASE.dll
0x00007ffd27e80000 - 0x00007ffd27f23000 	C:\WINDOWS\System32\ADVAPI32.dll
0x00007ffd28320000 - 0x00007ffd283be000 	C:\WINDOWS\System32\msvcrt.dll
0x00007ffd27f30000 - 0x00007ffd27fc7000 	C:\WINDOWS\System32\sechost.dll
0x00007ffd28120000 - 0x00007ffd28240000 	C:\WINDOWS\System32\RPCRT4.dll
0x00007ffd27ce0000 - 0x00007ffd27e73000 	C:\WINDOWS\System32\USER32.dll
0x00007ffd264e0000 - 0x00007ffd26501000 	C:\WINDOWS\System32\win32u.dll
0x00007ffd280f0000 - 0x00007ffd28116000 	C:\WINDOWS\System32\GDI32.dll
0x00007ffd255c0000 - 0x00007ffd25754000 	C:\WINDOWS\System32\gdi32full.dll
0x00007ffd25fe0000 - 0x00007ffd2607e000 	C:\WINDOWS\System32\msvcp_win.dll
0x00007ffd25760000 - 0x00007ffd2585a000 	C:\WINDOWS\System32\ucrtbase.dll
0x00007ffd10f00000 - 0x00007ffd11185000 	C:\WINDOWS\WinSxS\amd64_microsoft.windows.common-controls_6595b64144ccf1df_6.0.18362.175_none_e6c3ab1f131014c9\COMCTL32.dll
0x00007ffd27760000 - 0x00007ffd27a96000 	C:\WINDOWS\System32\combase.dll
0x00007ffd25530000 - 0x00007ffd255b1000 	C:\WINDOWS\System32\bcryptPrimitives.dll
0x00007ffd27180000 - 0x00007ffd271ae000 	C:\WINDOWS\System32\IMM32.DLL
0x00000000755e0000 - 0x00000000756b2000 	C:\Program Files\Android\Android Studio\jre\jre\bin\msvcr100.dll
0x00000000756c0000 - 0x0000000075f01000 	C:\Program Files\Android\Android Studio\jre\jre\bin\server\jvm.dll
0x00007ffd27c50000 - 0x00007ffd27c58000 	C:\WINDOWS\System32\PSAPI.DLL
0x00007ffd21b80000 - 0x00007ffd21ba4000 	C:\WINDOWS\SYSTEM32\WINMM.dll
0x00007ffd1cf40000 - 0x00007ffd1cf4a000 	C:\WINDOWS\SYSTEM32\VERSION.dll
0x00007ffd21b50000 - 0x00007ffd21b7d000 	C:\WINDOWS\SYSTEM32\WINMMBASE.dll
0x00007ffd26610000 - 0x00007ffd2665a000 	C:\WINDOWS\System32\cfgmgr32.dll
0x00007ffd10950000 - 0x00007ffd10959000 	C:\WINDOWS\SYSTEM32\WSOCK32.dll
0x00007ffd27c70000 - 0x00007ffd27cdf000 	C:\WINDOWS\System32\WS2_32.dll
0x00007ffd040f0000 - 0x00007ffd040ff000 	C:\Program Files\Android\Android Studio\jre\jre\bin\verify.dll
0x00007ffcf3f00000 - 0x00007ffcf3f29000 	C:\Program Files\Android\Android Studio\jre\jre\bin\java.dll
0x00007ffcfb300000 - 0x00007ffcfb316000 	C:\Program Files\Android\Android Studio\jre\jre\bin\zip.dll
0x00007ffd26660000 - 0x00007ffd26d40000 	C:\WINDOWS\System32\SHELL32.dll
0x00007ffd26d40000 - 0x00007ffd26de9000 	C:\WINDOWS\System32\shcore.dll
0x00007ffd25860000 - 0x00007ffd25fdb000 	C:\WINDOWS\System32\windows.storage.dll
0x00007ffd25510000 - 0x00007ffd2552f000 	C:\WINDOWS\System32\profapi.dll
0x00007ffd254a0000 - 0x00007ffd254ea000 	C:\WINDOWS\System32\powrprof.dll
0x00007ffd25470000 - 0x00007ffd25480000 	C:\WINDOWS\System32\UMPDC.dll
0x00007ffd28240000 - 0x00007ffd28292000 	C:\WINDOWS\System32\shlwapi.dll
0x00007ffd25480000 - 0x00007ffd25491000 	C:\WINDOWS\System32\kernel.appcore.dll
0x00007ffd26510000 - 0x00007ffd26527000 	C:\WINDOWS\System32\cryptsp.dll
0x00007ffcec040000 - 0x00007ffcec05a000 	C:\Program Files\Android\Android Studio\jre\jre\bin\net.dll
0x00007ffd24ce0000 - 0x00007ffd24d47000 	C:\WINDOWS\system32\mswsock.dll
0x00007ffcebb90000 - 0x00007ffcebba1000 	C:\Program Files\Android\Android Studio\jre\jre\bin\nio.dll
0x00007ffce9470000 - 0x00007ffce948e000 	C:\Users\Lenovo\.gradle\native\25\windows-amd64\native-platform.dll
0x00007ffd03fe0000 - 0x00007ffd03fed000 	C:\Program Files\Android\Android Studio\jre\jre\bin\management.dll
0x00007ffd248a0000 - 0x00007ffd248d3000 	C:\WINDOWS\system32\rsaenh.dll
0x00007ffd26530000 - 0x00007ffd26556000 	C:\WINDOWS\System32\bcrypt.dll
0x00007ffd25390000 - 0x00007ffd253b5000 	C:\WINDOWS\SYSTEM32\USERENV.dll
0x00007ffd24eb0000 - 0x00007ffd24ebc000 	C:\WINDOWS\SYSTEM32\CRYPTBASE.dll
0x00007ffd24a40000 - 0x00007ffd24a7a000 	C:\WINDOWS\SYSTEM32\IPHLPAPI.DLL
0x00007ffd27080000 - 0x00007ffd27088000 	C:\WINDOWS\System32\NSI.dll
0x00007ffd1c170000 - 0x00007ffd1c186000 	C:\WINDOWS\SYSTEM32\dhcpcsvc6.DLL
0x00007ffd1c0a0000 - 0x00007ffd1c0bc000 	C:\WINDOWS\SYSTEM32\dhcpcsvc.DLL
0x00007ffd24a80000 - 0x00007ffd24b4a000 	C:\WINDOWS\SYSTEM32\DNSAPI.dll
0x00007ffd24520000 - 0x00007ffd24551000 	C:\WINDOWS\SYSTEM32\ntmarta.dll

VM Arguments:
jvm_args: -Xmx1536m -Dfile.encoding=windows-1252 -Duser.country=GB -Duser.language=en -Duser.variant 
java_command: org.gradle.launcher.daemon.bootstrap.GradleDaemon 4.6
java_class_path (initial): C:\Users\Lenovo\.gradle\wrapper\dists\gradle-4.6-all\bcst21l2brirad8k2ben1letg\gradle-4.6\lib\gradle-launcher-4.6.jar
Launcher Type: SUN_STANDARD

Environment Variables:
PATH=C:\Python27\Scripts;C:\Python27;C:\Program Files (x86)\NVIDIA Corporation\PhysX\Common;C:\ProgramData\Oracle\Java\javapath;C:\WINDOWS\system32;C:\WINDOWS;C:\WINDOWS\System32\Wbem;C:\WINDOWS\System32\WindowsPowerShell\v1.0\;C:\cygwin64\bin;C:\Program Files\Intel\WiFi\bin\;C:\Program Files\Common Files\Intel\WirelessCommon\;C:\Program Files (x86)\GtkSharp\2.12\bin;C:\flutter\bin;;C:\Program Files\Dart\dart-sdk\bin;C:\WINDOWS\System32\OpenSSH\;C:\Users\Lenovo\AppData\Local\Programs\Python\Python37-32\Scripts\;C:\Users\Lenovo\AppData\Local\Programs\Python\Python37-32\;C:\Users\Lenovo\AppData\Local\Microsoft\WindowsApps;C:\Users\Lenovo\AppData\Local\Programs\Microsoft VS Code\bin;C:\flutter\bin;C:\Program Files\JetBrains\PyCharm Community Edition 2019.1.1\bin;C:\Users\Lenovo\AppData\Local\GitHubDesktop\bin
USERNAME=Lenovo
OS=Windows_NT
PROCESSOR_IDENTIFIER=Intel64 Family 6 Model 69 Stepping 1, GenuineIntel



---------------  S Y S T E M  ---------------

OS: Windows 10.0 , 64 bit Build 18362 (10.0.18362.86)

CPU:total 4 (initial active 4) (2 cores per cpu, 2 threads per core) family 6 model 69 stepping 1, cmov, cx8, fxsr, mmx, sse, sse2, sse3, ssse3, sse4.1, sse4.2, popcnt, avx, avx2, aes, clmul, erms, lzcnt, ht, tsc, tscinvbit, bmi1, bmi2

Memory: 4k page, physical 4118704k(210212k free), swap 11348144k(1900k free)

vm_info: OpenJDK 64-Bit Server VM (25.152-b06) for windows-amd64 JRE (1.8.0_152-release-1136-b06), built by "builder" with MS VC++ 10.0 (VS2010)

time: Thu Aug 01 21:39:14 2019
elapsed time: 315 seconds (0d 0h 5m 15s)

